[0.007s] Invoking command in '/home/ubuntu/Desktop/kinect_ros2/build/kinect_ros2': CMAKE_PREFIX_PATH=${CMAKE_PREFIX_PATH}:/home/ubuntu/interbotix_ws/install/interbotix_xs_modules:/home/ubuntu/interbotix_ws/install/interbotix_perception_modules:/home/ubuntu/interbotix_ws/install/interbotix_common_modules /usr/bin/cmake /home/ubuntu/Desktop/kinect_ros2 -DCMAKE_INSTALL_PREFIX=/home/ubuntu/Desktop/kinect_ros2/install/kinect_ros2
[0.021s] -- Found ament_cmake: 1.3.11 (/opt/ros/humble/share/ament_cmake/cmake)
[0.081s] -- Found rclcpp_components: 16.0.11 (/opt/ros/humble/share/rclcpp_components/cmake)
[0.096s] -- Found rosidl_generator_c: 3.1.6 (/opt/ros/humble/share/rosidl_generator_c/cmake)
[0.097s] -- Found rosidl_adapter: 3.1.6 (/opt/ros/humble/share/rosidl_adapter/cmake)
[0.100s] -- Found rosidl_generator_cpp: 3.1.6 (/opt/ros/humble/share/rosidl_generator_cpp/cmake)
[0.104s] -- Using all available rosidl_typesupport_c: rosidl_typesupport_fastrtps_c;rosidl_typesupport_introspection_c
[0.109s] -- Using all available rosidl_typesupport_cpp: rosidl_typesupport_fastrtps_cpp;rosidl_typesupport_introspection_cpp
[0.133s] -- Found rmw_implementation_cmake: 6.1.2 (/opt/ros/humble/share/rmw_implementation_cmake/cmake)
[0.134s] -- Found rmw_fastrtps_cpp: 6.2.7 (/opt/ros/humble/share/rmw_fastrtps_cpp/cmake)
[0.185s] -- Using RMW implementation 'rmw_fastrtps_cpp' as default
[0.210s] -- Found sensor_msgs: 4.2.4 (/opt/ros/humble/share/sensor_msgs/cmake)
[0.223s] -- Found cv_bridge: 3.2.1 (/opt/ros/humble/share/cv_bridge/cmake)
[0.224s] -- Found image_transport: 3.1.10 (/opt/ros/humble/share/image_transport/cmake)
[0.236s] -- Found depth_image_proc: 3.0.6 (/opt/ros/humble/share/depth_image_proc/cmake)
[0.325s] [31mCMake Error at CMakeLists.txt:25 (find_package):
[0.325s]   By not providing "Findcamera_info_manager.cmake" in CMAKE_MODULE_PATH this
[0.325s]   project has asked CMake to find a package configuration file provided by
[0.325s]   "camera_info_manager", but CMake did not find one.
[0.325s] 
[0.325s]   Could not find a package configuration file provided by
[0.325s]   "camera_info_manager" with any of the following names:
[0.325s] 
[0.325s]     camera_info_managerConfig.cmake
[0.326s]     camera_info_manager-config.cmake
[0.326s] 
[0.326s]   Add the installation prefix of "camera_info_manager" to CMAKE_PREFIX_PATH
[0.326s]   or set "camera_info_manager_DIR" to a directory containing one of the above
[0.326s]   files.  If "camera_info_manager" provides a separate development package or
[0.326s]   SDK, be sure it has been installed.
[0.326s] 
[0.326s] [0m
[0.326s] -- Configuring incomplete, errors occurred!
[0.326s] See also "/home/ubuntu/Desktop/kinect_ros2/build/kinect_ros2/CMakeFiles/CMakeOutput.log".
[0.331s] Invoked command in '/home/ubuntu/Desktop/kinect_ros2/build/kinect_ros2' returned '1': CMAKE_PREFIX_PATH=${CMAKE_PREFIX_PATH}:/home/ubuntu/interbotix_ws/install/interbotix_xs_modules:/home/ubuntu/interbotix_ws/install/interbotix_perception_modules:/home/ubuntu/interbotix_ws/install/interbotix_common_modules /usr/bin/cmake /home/ubuntu/Desktop/kinect_ros2 -DCMAKE_INSTALL_PREFIX=/home/ubuntu/Desktop/kinect_ros2/install/kinect_ros2
