[0.009s] Invoking command in '/home/ubuntu/Desktop/kinect_ros2/build/kinect_ros2': CMAKE_PREFIX_PATH=${CMAKE_PREFIX_PATH}:/home/ubuntu/interbotix_ws/install/interbotix_xs_modules:/home/ubuntu/interbotix_ws/install/interbotix_perception_modules:/home/ubuntu/interbotix_ws/install/interbotix_common_modules:/opt/ros/humble /usr/bin/cmake /home/ubuntu/Desktop/kinect_ros2 -DCMAKE_INSTALL_PREFIX=/home/ubuntu/Desktop/kinect_ros2/install/kinect_ros2
[0.019s] -- Found ament_cmake: 1.3.11 (/opt/ros/humble/share/ament_cmake/cmake)
[0.076s] -- Found rclcpp_components: 16.0.11 (/opt/ros/humble/share/rclcpp_components/cmake)
[0.092s] -- Found rosidl_generator_c: 3.1.6 (/opt/ros/humble/share/rosidl_generator_c/cmake)
[0.093s] -- Found rosidl_adapter: 3.1.6 (/opt/ros/humble/share/rosidl_adapter/cmake)
[0.095s] -- Found rosidl_generator_cpp: 3.1.6 (/opt/ros/humble/share/rosidl_generator_cpp/cmake)
[0.099s] -- Using all available rosidl_typesupport_c: rosidl_typesupport_fastrtps_c;rosidl_typesupport_introspection_c
[0.104s] -- Using all available rosidl_typesupport_cpp: rosidl_typesupport_fastrtps_cpp;rosidl_typesupport_introspection_cpp
[0.128s] -- Found rmw_implementation_cmake: 6.1.2 (/opt/ros/humble/share/rmw_implementation_cmake/cmake)
[0.129s] -- Found rmw_fastrtps_cpp: 6.2.7 (/opt/ros/humble/share/rmw_fastrtps_cpp/cmake)
[0.181s] -- Using RMW implementation 'rmw_fastrtps_cpp' as default
[0.213s] -- Found OpenCV: /usr (found version "4.5.4") 
[0.216s] -- Found sensor_msgs: 4.2.4 (/opt/ros/humble/share/sensor_msgs/cmake)
[0.244s] -- Found cv_bridge: 3.2.1 (/opt/ros/humble/share/cv_bridge/cmake)
[0.249s] -- Found image_transport: 3.1.10 (/opt/ros/humble/share/image_transport/cmake)
[0.277s] [31mCMake Error at CMakeLists.txt:24 (find_package):
[0.277s]   By not providing "Finddepth_image_proc.cmake" in CMAKE_MODULE_PATH this
[0.277s]   project has asked CMake to find a package configuration file provided by
[0.277s]   "depth_image_proc", but CMake did not find one.
[0.277s] 
[0.277s]   Could not find a package configuration file provided by "depth_image_proc"
[0.277s]   with any of the following names:
[0.277s] 
[0.277s]     depth_image_procConfig.cmake
[0.277s]     depth_image_proc-config.cmake
[0.277s] 
[0.277s]   Add the installation prefix of "depth_image_proc" to CMAKE_PREFIX_PATH or
[0.277s]   set "depth_image_proc_DIR" to a directory containing one of the above
[0.277s]   files.  If "depth_image_proc" provides a separate development package or
[0.277s]   SDK, be sure it has been installed.
[0.277s] 
[0.277s] [0m
[0.277s] -- Configuring incomplete, errors occurred!
[0.277s] See also "/home/ubuntu/Desktop/kinect_ros2/build/kinect_ros2/CMakeFiles/CMakeOutput.log".
[0.280s] Invoked command in '/home/ubuntu/Desktop/kinect_ros2/build/kinect_ros2' returned '1': CMAKE_PREFIX_PATH=${CMAKE_PREFIX_PATH}:/home/ubuntu/interbotix_ws/install/interbotix_xs_modules:/home/ubuntu/interbotix_ws/install/interbotix_perception_modules:/home/ubuntu/interbotix_ws/install/interbotix_common_modules:/opt/ros/humble /usr/bin/cmake /home/ubuntu/Desktop/kinect_ros2 -DCMAKE_INSTALL_PREFIX=/home/ubuntu/Desktop/kinect_ros2/install/kinect_ros2
