[0.048s] DEBUG:colcon:Command line arguments: ['/usr/bin/colcon', 'build']
[0.048s] DEBUG:colcon:Parsed command line arguments: Namespace(log_base=None, log_level=None, verb_name='build', build_base='build', install_base='install', merge_install=False, symlink_install=False, test_result_base=None, continue_on_error=False, executor='parallel', parallel_workers=4, event_handlers=None, ignore_user_meta=False, metas=['./colcon.meta'], base_paths=['.'], packages_ignore=None, packages_ignore_regex=None, paths=None, packages_up_to=None, packages_up_to_regex=None, packages_above=None, packages_above_and_dependencies=None, packages_above_depth=None, packages_select_by_dep=None, packages_skip_by_dep=None, packages_skip_up_to=None, packages_select_build_failed=False, packages_skip_build_finished=False, packages_select_test_failures=False, packages_skip_test_passed=False, packages_select=None, packages_skip=None, packages_select_regex=None, packages_skip_regex=None, packages_start=None, packages_end=None, allow_overriding=[], cmake_args=None, cmake_target=None, cmake_target_skip_unavailable=False, cmake_clean_cache=False, cmake_clean_first=False, cmake_force_configure=False, ament_cmake_args=None, catkin_cmake_args=None, catkin_skip_building_tests=False, verb_parser=<colcon_defaults.argument_parser.defaults.DefaultArgumentsDecorator object at 0xffff84b6edd0>, verb_extension=<colcon_core.verb.build.BuildVerb object at 0xffff84b6e950>, main=<bound method BuildVerb.main of <colcon_core.verb.build.BuildVerb object at 0xffff84b6e950>>)
[0.063s] Level 1:colcon.colcon_core.package_discovery:discover_packages(colcon_meta) check parameters
[0.063s] Level 1:colcon.colcon_core.package_discovery:discover_packages(recursive) check parameters
[0.063s] Level 1:colcon.colcon_core.package_discovery:discover_packages(ignore) check parameters
[0.063s] Level 1:colcon.colcon_core.package_discovery:discover_packages(path) check parameters
[0.063s] Level 1:colcon.colcon_core.package_discovery:discover_packages(colcon_meta) discover
[0.063s] Level 1:colcon.colcon_core.package_discovery:discover_packages(recursive) discover
[0.063s] INFO:colcon.colcon_core.package_discovery:Crawling recursively for packages in '/home/ubuntu/Desktop/kinect_ros2'
[0.063s] Level 1:colcon.colcon_core.package_identification:_identify(.) by extensions ['ignore', 'ignore_ament_install']
[0.063s] Level 1:colcon.colcon_core.package_identification:_identify(.) by extension 'ignore'
[0.063s] Level 1:colcon.colcon_core.package_identification:_identify(.) by extension 'ignore_ament_install'
[0.063s] Level 1:colcon.colcon_core.package_identification:_identify(.) by extensions ['colcon_pkg']
[0.063s] Level 1:colcon.colcon_core.package_identification:_identify(.) by extension 'colcon_pkg'
[0.063s] Level 1:colcon.colcon_core.package_identification:_identify(.) by extensions ['colcon_meta']
[0.063s] Level 1:colcon.colcon_core.package_identification:_identify(.) by extension 'colcon_meta'
[0.063s] Level 1:colcon.colcon_core.package_identification:_identify(.) by extensions ['ros']
[0.063s] Level 1:colcon.colcon_core.package_identification:_identify(.) by extension 'ros'
[0.071s] DEBUG:colcon.colcon_core.package_identification:Package '.' with type 'ros.ament_cmake' and name 'kinect_ros2'
[0.071s] Level 1:colcon.colcon_core.package_discovery:discover_packages(recursive) using defaults
[0.071s] Level 1:colcon.colcon_core.package_discovery:discover_packages(ignore) discover
[0.071s] Level 1:colcon.colcon_core.package_discovery:discover_packages(ignore) using defaults
[0.071s] Level 1:colcon.colcon_core.package_discovery:discover_packages(path) discover
[0.071s] Level 1:colcon.colcon_core.package_discovery:discover_packages(path) using defaults
[0.080s] Level 1:colcon.colcon_core.package_discovery:discover_packages(prefix_path) check parameters
[0.080s] Level 1:colcon.colcon_core.package_discovery:discover_packages(prefix_path) discover
[0.081s] WARNING:colcon.colcon_ros.prefix_path.catkin:The path '/usr/lib/cmake/libfreenect' in the environment variable CMAKE_PREFIX_PATH doesn't exist
[0.081s] DEBUG:colcon.colcon_installed_package_information.package_discovery:Found 34 installed packages in /home/ubuntu/interbotix_ws/install
[0.082s] DEBUG:colcon.colcon_installed_package_information.package_discovery:Found 1 installed packages in /home/ubuntu/apriltag_ws/install
[0.082s] DEBUG:colcon.colcon_installed_package_information.package_discovery:Found 357 installed packages in /opt/ros/humble
[0.083s] Level 1:colcon.colcon_core.package_discovery:discover_packages(prefix_path) using defaults
[0.126s] Level 5:colcon.colcon_core.verb:set package 'kinect_ros2' build argument 'cmake_args' from command line to 'None'
[0.126s] Level 5:colcon.colcon_core.verb:set package 'kinect_ros2' build argument 'cmake_target' from command line to 'None'
[0.126s] Level 5:colcon.colcon_core.verb:set package 'kinect_ros2' build argument 'cmake_target_skip_unavailable' from command line to 'False'
[0.126s] Level 5:colcon.colcon_core.verb:set package 'kinect_ros2' build argument 'cmake_clean_cache' from command line to 'False'
[0.126s] Level 5:colcon.colcon_core.verb:set package 'kinect_ros2' build argument 'cmake_clean_first' from command line to 'False'
[0.126s] Level 5:colcon.colcon_core.verb:set package 'kinect_ros2' build argument 'cmake_force_configure' from command line to 'False'
[0.126s] Level 5:colcon.colcon_core.verb:set package 'kinect_ros2' build argument 'ament_cmake_args' from command line to 'None'
[0.126s] Level 5:colcon.colcon_core.verb:set package 'kinect_ros2' build argument 'catkin_cmake_args' from command line to 'None'
[0.126s] Level 5:colcon.colcon_core.verb:set package 'kinect_ros2' build argument 'catkin_skip_building_tests' from command line to 'False'
[0.126s] DEBUG:colcon.colcon_core.verb:Building package 'kinect_ros2' with the following arguments: {'ament_cmake_args': None, 'build_base': '/home/ubuntu/Desktop/kinect_ros2/build/kinect_ros2', 'catkin_cmake_args': None, 'catkin_skip_building_tests': False, 'cmake_args': None, 'cmake_clean_cache': False, 'cmake_clean_first': False, 'cmake_force_configure': False, 'cmake_target': None, 'cmake_target_skip_unavailable': False, 'install_base': '/home/ubuntu/Desktop/kinect_ros2/install/kinect_ros2', 'merge_install': False, 'path': '/home/ubuntu/Desktop/kinect_ros2', 'symlink_install': False, 'test_result_base': None}
[0.126s] INFO:colcon.colcon_core.executor:Executing jobs using 'parallel' executor
[0.128s] DEBUG:colcon.colcon_parallel_executor.executor.parallel:run_until_complete
[0.129s] INFO:colcon.colcon_ros.task.ament_cmake.build:Building ROS package in '/home/ubuntu/Desktop/kinect_ros2' with build type 'ament_cmake'
[0.129s] INFO:colcon.colcon_cmake.task.cmake.build:Building CMake package in '/home/ubuntu/Desktop/kinect_ros2'
[0.130s] INFO:colcon.colcon_core.plugin_system:Skipping extension 'colcon_core.shell.bat': Not used on non-Windows systems
[0.130s] INFO:colcon.colcon_core.shell:Skip shell extension 'powershell' for command environment: Not usable outside of PowerShell
[0.130s] DEBUG:colcon.colcon_core.shell:Skip shell extension 'dsv' for command environment
[0.135s] DEBUG:colcon.colcon_core.event_handler.log_command:Invoking command in '/home/ubuntu/Desktop/kinect_ros2/build/kinect_ros2': CMAKE_PREFIX_PATH=${CMAKE_PREFIX_PATH}:/home/ubuntu/interbotix_ws/install/interbotix_xs_modules:/home/ubuntu/interbotix_ws/install/interbotix_perception_modules:/home/ubuntu/interbotix_ws/install/interbotix_common_modules /usr/bin/cmake /home/ubuntu/Desktop/kinect_ros2 -DCMAKE_INSTALL_PREFIX=/home/ubuntu/Desktop/kinect_ros2/install/kinect_ros2
[0.472s] DEBUG:colcon.colcon_core.event_handler.log_command:Invoked command in '/home/ubuntu/Desktop/kinect_ros2/build/kinect_ros2' returned '0': CMAKE_PREFIX_PATH=${CMAKE_PREFIX_PATH}:/home/ubuntu/interbotix_ws/install/interbotix_xs_modules:/home/ubuntu/interbotix_ws/install/interbotix_perception_modules:/home/ubuntu/interbotix_ws/install/interbotix_common_modules /usr/bin/cmake /home/ubuntu/Desktop/kinect_ros2 -DCMAKE_INSTALL_PREFIX=/home/ubuntu/Desktop/kinect_ros2/install/kinect_ros2
[0.473s] DEBUG:colcon.colcon_core.event_handler.log_command:Invoking command in '/home/ubuntu/Desktop/kinect_ros2/build/kinect_ros2': CMAKE_PREFIX_PATH=${CMAKE_PREFIX_PATH}:/home/ubuntu/interbotix_ws/install/interbotix_xs_modules:/home/ubuntu/interbotix_ws/install/interbotix_perception_modules:/home/ubuntu/interbotix_ws/install/interbotix_common_modules /usr/bin/cmake --build /home/ubuntu/Desktop/kinect_ros2/build/kinect_ros2 -- -j4 -l4
[5.627s] DEBUG:colcon.colcon_core.event_handler.log_command:Invoked command in '/home/ubuntu/Desktop/kinect_ros2/build/kinect_ros2' returned '0': CMAKE_PREFIX_PATH=${CMAKE_PREFIX_PATH}:/home/ubuntu/interbotix_ws/install/interbotix_xs_modules:/home/ubuntu/interbotix_ws/install/interbotix_perception_modules:/home/ubuntu/interbotix_ws/install/interbotix_common_modules /usr/bin/cmake --build /home/ubuntu/Desktop/kinect_ros2/build/kinect_ros2 -- -j4 -l4
[5.632s] DEBUG:colcon.colcon_core.event_handler.log_command:Invoking command in '/home/ubuntu/Desktop/kinect_ros2/build/kinect_ros2': CMAKE_PREFIX_PATH=${CMAKE_PREFIX_PATH}:/home/ubuntu/interbotix_ws/install/interbotix_xs_modules:/home/ubuntu/interbotix_ws/install/interbotix_perception_modules:/home/ubuntu/interbotix_ws/install/interbotix_common_modules /usr/bin/cmake --install /home/ubuntu/Desktop/kinect_ros2/build/kinect_ros2
[5.638s] Level 1:colcon.colcon_core.environment:create_environment_scripts_only(kinect_ros2)
[5.638s] DEBUG:colcon.colcon_core.event_handler.log_command:Invoked command in '/home/ubuntu/Desktop/kinect_ros2/build/kinect_ros2' returned '0': CMAKE_PREFIX_PATH=${CMAKE_PREFIX_PATH}:/home/ubuntu/interbotix_ws/install/interbotix_xs_modules:/home/ubuntu/interbotix_ws/install/interbotix_perception_modules:/home/ubuntu/interbotix_ws/install/interbotix_common_modules /usr/bin/cmake --install /home/ubuntu/Desktop/kinect_ros2/build/kinect_ros2
[5.645s] Level 1:colcon.colcon_core.environment:checking '/home/ubuntu/Desktop/kinect_ros2/install/kinect_ros2' for CMake module files
[5.645s] Level 1:colcon.colcon_core.environment:checking '/home/ubuntu/Desktop/kinect_ros2/install/kinect_ros2' for CMake config files
[5.645s] Level 1:colcon.colcon_core.shell:create_environment_hook('kinect_ros2', 'cmake_prefix_path')
[5.645s] INFO:colcon.colcon_core.shell:Creating environment hook '/home/ubuntu/Desktop/kinect_ros2/install/kinect_ros2/share/kinect_ros2/hook/cmake_prefix_path.ps1'
[5.646s] INFO:colcon.colcon_core.shell:Creating environment descriptor '/home/ubuntu/Desktop/kinect_ros2/install/kinect_ros2/share/kinect_ros2/hook/cmake_prefix_path.dsv'
[5.647s] INFO:colcon.colcon_core.shell:Creating environment hook '/home/ubuntu/Desktop/kinect_ros2/install/kinect_ros2/share/kinect_ros2/hook/cmake_prefix_path.sh'
[5.648s] Level 1:colcon.colcon_core.environment:checking '/home/ubuntu/Desktop/kinect_ros2/install/kinect_ros2/lib'
[5.648s] Level 1:colcon.colcon_core.shell:create_environment_hook('kinect_ros2', 'ld_library_path_lib')
[5.648s] INFO:colcon.colcon_core.shell:Creating environment hook '/home/ubuntu/Desktop/kinect_ros2/install/kinect_ros2/share/kinect_ros2/hook/ld_library_path_lib.ps1'
[5.648s] INFO:colcon.colcon_core.shell:Creating environment descriptor '/home/ubuntu/Desktop/kinect_ros2/install/kinect_ros2/share/kinect_ros2/hook/ld_library_path_lib.dsv'
[5.648s] INFO:colcon.colcon_core.shell:Creating environment hook '/home/ubuntu/Desktop/kinect_ros2/install/kinect_ros2/share/kinect_ros2/hook/ld_library_path_lib.sh'
[5.648s] Level 1:colcon.colcon_core.environment:checking '/home/ubuntu/Desktop/kinect_ros2/install/kinect_ros2/bin'
[5.648s] Level 1:colcon.colcon_core.environment:checking '/home/ubuntu/Desktop/kinect_ros2/install/kinect_ros2/lib/pkgconfig/kinect_ros2.pc'
[5.649s] Level 1:colcon.colcon_core.environment:checking '/home/ubuntu/Desktop/kinect_ros2/install/kinect_ros2/lib/python3.10/site-packages'
[5.649s] Level 1:colcon.colcon_core.environment:checking '/home/ubuntu/Desktop/kinect_ros2/install/kinect_ros2/bin'
[5.649s] INFO:colcon.colcon_core.shell:Creating package script '/home/ubuntu/Desktop/kinect_ros2/install/kinect_ros2/share/kinect_ros2/package.ps1'
[5.649s] INFO:colcon.colcon_core.shell:Creating package descriptor '/home/ubuntu/Desktop/kinect_ros2/install/kinect_ros2/share/kinect_ros2/package.dsv'
[5.649s] INFO:colcon.colcon_core.shell:Creating package script '/home/ubuntu/Desktop/kinect_ros2/install/kinect_ros2/share/kinect_ros2/package.sh'
[5.650s] INFO:colcon.colcon_core.shell:Creating package script '/home/ubuntu/Desktop/kinect_ros2/install/kinect_ros2/share/kinect_ros2/package.bash'
[5.650s] INFO:colcon.colcon_core.shell:Creating package script '/home/ubuntu/Desktop/kinect_ros2/install/kinect_ros2/share/kinect_ros2/package.zsh'
[5.650s] Level 1:colcon.colcon_core.environment:create_file_with_runtime_dependencies(/home/ubuntu/Desktop/kinect_ros2/install/kinect_ros2/share/colcon-core/packages/kinect_ros2)
[5.651s] Level 1:colcon.colcon_core.environment:create_environment_scripts_only(kinect_ros2)
[5.651s] Level 1:colcon.colcon_core.environment:checking '/home/ubuntu/Desktop/kinect_ros2/install/kinect_ros2' for CMake module files
[5.651s] Level 1:colcon.colcon_core.environment:checking '/home/ubuntu/Desktop/kinect_ros2/install/kinect_ros2' for CMake config files
[5.651s] Level 1:colcon.colcon_core.shell:create_environment_hook('kinect_ros2', 'cmake_prefix_path')
[5.651s] INFO:colcon.colcon_core.shell:Creating environment hook '/home/ubuntu/Desktop/kinect_ros2/install/kinect_ros2/share/kinect_ros2/hook/cmake_prefix_path.ps1'
[5.651s] INFO:colcon.colcon_core.shell:Creating environment descriptor '/home/ubuntu/Desktop/kinect_ros2/install/kinect_ros2/share/kinect_ros2/hook/cmake_prefix_path.dsv'
[5.651s] INFO:colcon.colcon_core.shell:Creating environment hook '/home/ubuntu/Desktop/kinect_ros2/install/kinect_ros2/share/kinect_ros2/hook/cmake_prefix_path.sh'
[5.652s] Level 1:colcon.colcon_core.environment:checking '/home/ubuntu/Desktop/kinect_ros2/install/kinect_ros2/lib'
[5.652s] Level 1:colcon.colcon_core.shell:create_environment_hook('kinect_ros2', 'ld_library_path_lib')
[5.652s] INFO:colcon.colcon_core.shell:Creating environment hook '/home/ubuntu/Desktop/kinect_ros2/install/kinect_ros2/share/kinect_ros2/hook/ld_library_path_lib.ps1'
[5.652s] INFO:colcon.colcon_core.shell:Creating environment descriptor '/home/ubuntu/Desktop/kinect_ros2/install/kinect_ros2/share/kinect_ros2/hook/ld_library_path_lib.dsv'
[5.652s] INFO:colcon.colcon_core.shell:Creating environment hook '/home/ubuntu/Desktop/kinect_ros2/install/kinect_ros2/share/kinect_ros2/hook/ld_library_path_lib.sh'
[5.652s] Level 1:colcon.colcon_core.environment:checking '/home/ubuntu/Desktop/kinect_ros2/install/kinect_ros2/bin'
[5.652s] Level 1:colcon.colcon_core.environment:checking '/home/ubuntu/Desktop/kinect_ros2/install/kinect_ros2/lib/pkgconfig/kinect_ros2.pc'
[5.652s] Level 1:colcon.colcon_core.environment:checking '/home/ubuntu/Desktop/kinect_ros2/install/kinect_ros2/lib/python3.10/site-packages'
[5.652s] Level 1:colcon.colcon_core.environment:checking '/home/ubuntu/Desktop/kinect_ros2/install/kinect_ros2/bin'
[5.652s] INFO:colcon.colcon_core.shell:Creating package script '/home/ubuntu/Desktop/kinect_ros2/install/kinect_ros2/share/kinect_ros2/package.ps1'
[5.653s] INFO:colcon.colcon_core.shell:Creating package descriptor '/home/ubuntu/Desktop/kinect_ros2/install/kinect_ros2/share/kinect_ros2/package.dsv'
[5.653s] INFO:colcon.colcon_core.shell:Creating package script '/home/ubuntu/Desktop/kinect_ros2/install/kinect_ros2/share/kinect_ros2/package.sh'
[5.653s] INFO:colcon.colcon_core.shell:Creating package script '/home/ubuntu/Desktop/kinect_ros2/install/kinect_ros2/share/kinect_ros2/package.bash'
[5.653s] INFO:colcon.colcon_core.shell:Creating package script '/home/ubuntu/Desktop/kinect_ros2/install/kinect_ros2/share/kinect_ros2/package.zsh'
[5.653s] Level 1:colcon.colcon_core.environment:create_file_with_runtime_dependencies(/home/ubuntu/Desktop/kinect_ros2/install/kinect_ros2/share/colcon-core/packages/kinect_ros2)
[5.653s] DEBUG:colcon.colcon_parallel_executor.executor.parallel:closing loop
[5.654s] DEBUG:colcon.colcon_parallel_executor.executor.parallel:loop closed
[5.654s] DEBUG:colcon.colcon_parallel_executor.executor.parallel:run_until_complete finished with '0'
[5.654s] DEBUG:colcon.colcon_core.event_reactor:joining thread
[5.658s] INFO:colcon.colcon_core.plugin_system:Skipping extension 'colcon_notification.desktop_notification.terminal_notifier': Not used on non-Darwin systems
[5.658s] INFO:colcon.colcon_core.plugin_system:Skipping extension 'colcon_notification.desktop_notification.win32': Not used on non-Windows systems
[5.658s] INFO:colcon.colcon_notification.desktop_notification:Sending desktop notification using 'notify2'
[5.682s] DEBUG:colcon.colcon_core.event_reactor:joined thread
[5.683s] INFO:colcon.colcon_core.shell:Creating prefix script '/home/ubuntu/Desktop/kinect_ros2/install/local_setup.ps1'
[5.683s] INFO:colcon.colcon_core.shell:Creating prefix util module '/home/ubuntu/Desktop/kinect_ros2/install/_local_setup_util_ps1.py'
[5.684s] INFO:colcon.colcon_core.shell:Creating prefix chain script '/home/ubuntu/Desktop/kinect_ros2/install/setup.ps1'
[5.685s] INFO:colcon.colcon_core.shell:Creating prefix script '/home/ubuntu/Desktop/kinect_ros2/install/local_setup.sh'
[5.686s] INFO:colcon.colcon_core.shell:Creating prefix util module '/home/ubuntu/Desktop/kinect_ros2/install/_local_setup_util_sh.py'
[5.686s] INFO:colcon.colcon_core.shell:Creating prefix chain script '/home/ubuntu/Desktop/kinect_ros2/install/setup.sh'
[5.687s] INFO:colcon.colcon_core.shell:Creating prefix script '/home/ubuntu/Desktop/kinect_ros2/install/local_setup.bash'
[5.687s] INFO:colcon.colcon_core.shell:Creating prefix chain script '/home/ubuntu/Desktop/kinect_ros2/install/setup.bash'
[5.688s] INFO:colcon.colcon_core.shell:Creating prefix script '/home/ubuntu/Desktop/kinect_ros2/install/local_setup.zsh'
[5.688s] INFO:colcon.colcon_core.shell:Creating prefix chain script '/home/ubuntu/Desktop/kinect_ros2/install/setup.zsh'
