[0.011s] Invoking command in '/home/ubuntu/Desktop/kinect_ros2/build/kinect_ros2': CMAKE_PREFIX_PATH=${CMAKE_PREFIX_PATH}:/home/ubuntu/interbotix_ws/install/interbotix_xs_modules:/home/ubuntu/interbotix_ws/install/interbotix_perception_modules:/home/ubuntu/interbotix_ws/install/interbotix_common_modules:/opt/ros/humble /usr/bin/cmake /home/ubuntu/Desktop/kinect_ros2 -DCMAKE_INSTALL_PREFIX=/home/ubuntu/Desktop/kinect_ros2/install/kinect_ros2
[0.050s] -- The C compiler identification is GNU 11.4.0
[0.078s] -- The CXX compiler identification is GNU 11.4.0
[0.081s] -- Detecting C compiler ABI info
[0.111s] -- Detecting C compiler ABI info - done
[0.115s] -- Check for working C compiler: /usr/bin/cc - skipped
[0.115s] -- Detecting C compile features
[0.115s] -- Detecting C compile features - done
[0.117s] -- Detecting CXX compiler ABI info
[0.149s] -- Detecting CXX compiler ABI info - done
[0.153s] -- Check for working CXX compiler: /usr/bin/c++ - skipped
[0.153s] -- Detecting CXX compile features
[0.153s] -- Detecting CXX compile features - done
[0.156s] -- Found ament_cmake: 1.3.11 (/opt/ros/humble/share/ament_cmake/cmake)
[0.307s] -- Found Python3: /usr/bin/python3 (found version "3.10.12") found components: Interpreter 
[0.366s] -- Found rclcpp_components: 16.0.11 (/opt/ros/humble/share/rclcpp_components/cmake)
[0.409s] -- Found rosidl_generator_c: 3.1.6 (/opt/ros/humble/share/rosidl_generator_c/cmake)
[0.414s] -- Found rosidl_adapter: 3.1.6 (/opt/ros/humble/share/rosidl_adapter/cmake)
[0.420s] -- Found rosidl_generator_cpp: 3.1.6 (/opt/ros/humble/share/rosidl_generator_cpp/cmake)
[0.428s] -- Using all available rosidl_typesupport_c: rosidl_typesupport_fastrtps_c;rosidl_typesupport_introspection_c
[0.437s] -- Using all available rosidl_typesupport_cpp: rosidl_typesupport_fastrtps_cpp;rosidl_typesupport_introspection_cpp
[0.479s] -- Found rmw_implementation_cmake: 6.1.2 (/opt/ros/humble/share/rmw_implementation_cmake/cmake)
[0.481s] -- Found rmw_fastrtps_cpp: 6.2.7 (/opt/ros/humble/share/rmw_fastrtps_cpp/cmake)
[0.523s] -- Found OpenSSL: /usr/lib/aarch64-linux-gnu/libcrypto.so (found version "3.0.2")  
[0.537s] -- Found FastRTPS: /opt/ros/humble/include  
[0.558s] -- Using RMW implementation 'rmw_fastrtps_cpp' as default
[0.566s] -- Looking for pthread.h
[0.594s] -- Looking for pthread.h - found
[0.594s] -- Performing Test CMAKE_HAVE_LIBC_PTHREAD
[0.622s] -- Performing Test CMAKE_HAVE_LIBC_PTHREAD - Success
[0.623s] -- Found Threads: TRUE  
[0.657s] [31mCMake Error at CMakeLists.txt:17 (find_package):
[0.658s]   By not providing "Findlibfreenect.cmake" in CMAKE_MODULE_PATH this project
[0.658s]   has asked CMake to find a package configuration file provided by
[0.658s]   "libfreenect", but CMake did not find one.
[0.658s] 
[0.658s]   Could not find a package configuration file provided by "libfreenect" with
[0.658s]   any of the following names:
[0.658s] 
[0.658s]     libfreenectConfig.cmake
[0.658s]     libfreenect-config.cmake
[0.658s] 
[0.658s]   Add the installation prefix of "libfreenect" to CMAKE_PREFIX_PATH or set
[0.658s]   "libfreenect_DIR" to a directory containing one of the above files.  If
[0.658s]   "libfreenect" provides a separate development package or SDK, be sure it
[0.658s]   has been installed.
[0.658s] 
[0.658s] [0m
[0.658s] -- Configuring incomplete, errors occurred!
[0.658s] See also "/home/ubuntu/Desktop/kinect_ros2/build/kinect_ros2/CMakeFiles/CMakeOutput.log".
[0.661s] Invoked command in '/home/ubuntu/Desktop/kinect_ros2/build/kinect_ros2' returned '1': CMAKE_PREFIX_PATH=${CMAKE_PREFIX_PATH}:/home/ubuntu/interbotix_ws/install/interbotix_xs_modules:/home/ubuntu/interbotix_ws/install/interbotix_perception_modules:/home/ubuntu/interbotix_ws/install/interbotix_common_modules:/opt/ros/humble /usr/bin/cmake /home/ubuntu/Desktop/kinect_ros2 -DCMAKE_INSTALL_PREFIX=/home/ubuntu/Desktop/kinect_ros2/install/kinect_ros2
