[0.053s] DEBUG:colcon:Command line arguments: ['/usr/bin/colcon', 'build']
[0.053s] DEBUG:colcon:Parsed command line arguments: Namespace(log_base=None, log_level=None, verb_name='build', build_base='build', install_base='install', merge_install=False, symlink_install=False, test_result_base=None, continue_on_error=False, executor='parallel', parallel_workers=4, event_handlers=None, ignore_user_meta=False, metas=['./colcon.meta'], base_paths=['.'], packages_ignore=None, packages_ignore_regex=None, paths=None, packages_up_to=None, packages_up_to_regex=None, packages_above=None, packages_above_and_dependencies=None, packages_above_depth=None, packages_select_by_dep=None, packages_skip_by_dep=None, packages_skip_up_to=None, packages_select_build_failed=False, packages_skip_build_finished=False, packages_select_test_failures=False, packages_skip_test_passed=False, packages_select=None, packages_skip=None, packages_select_regex=None, packages_skip_regex=None, packages_start=None, packages_end=None, allow_overriding=[], cmake_args=None, cmake_target=None, cmake_target_skip_unavailable=False, cmake_clean_cache=False, cmake_clean_first=False, cmake_force_configure=False, ament_cmake_args=None, catkin_cmake_args=None, catkin_skip_building_tests=False, verb_parser=<colcon_defaults.argument_parser.defaults.DefaultArgumentsDecorator object at 0xffff846eedd0>, verb_extension=<colcon_core.verb.build.BuildVerb object at 0xffff846ee950>, main=<bound method BuildVerb.main of <colcon_core.verb.build.BuildVerb object at 0xffff846ee950>>)
[0.069s] Level 1:colcon.colcon_core.package_discovery:discover_packages(colcon_meta) check parameters
[0.069s] Level 1:colcon.colcon_core.package_discovery:discover_packages(recursive) check parameters
[0.069s] Level 1:colcon.colcon_core.package_discovery:discover_packages(ignore) check parameters
[0.069s] Level 1:colcon.colcon_core.package_discovery:discover_packages(path) check parameters
[0.069s] Level 1:colcon.colcon_core.package_discovery:discover_packages(colcon_meta) discover
[0.069s] Level 1:colcon.colcon_core.package_discovery:discover_packages(recursive) discover
[0.069s] INFO:colcon.colcon_core.package_discovery:Crawling recursively for packages in '/home/ubuntu/Desktop/kinect_ros2'
[0.069s] Level 1:colcon.colcon_core.package_identification:_identify(.) by extensions ['ignore', 'ignore_ament_install']
[0.069s] Level 1:colcon.colcon_core.package_identification:_identify(.) by extension 'ignore'
[0.069s] Level 1:colcon.colcon_core.package_identification:_identify(.) by extension 'ignore_ament_install'
[0.069s] Level 1:colcon.colcon_core.package_identification:_identify(.) by extensions ['colcon_pkg']
[0.069s] Level 1:colcon.colcon_core.package_identification:_identify(.) by extension 'colcon_pkg'
[0.069s] Level 1:colcon.colcon_core.package_identification:_identify(.) by extensions ['colcon_meta']
[0.069s] Level 1:colcon.colcon_core.package_identification:_identify(.) by extension 'colcon_meta'
[0.069s] Level 1:colcon.colcon_core.package_identification:_identify(.) by extensions ['ros']
[0.069s] Level 1:colcon.colcon_core.package_identification:_identify(.) by extension 'ros'
[0.079s] DEBUG:colcon.colcon_core.package_identification:Package '.' with type 'ros.ament_cmake' and name 'kinect_ros2'
[0.079s] Level 1:colcon.colcon_core.package_discovery:discover_packages(recursive) using defaults
[0.079s] Level 1:colcon.colcon_core.package_discovery:discover_packages(ignore) discover
[0.079s] Level 1:colcon.colcon_core.package_discovery:discover_packages(ignore) using defaults
[0.079s] Level 1:colcon.colcon_core.package_discovery:discover_packages(path) discover
[0.079s] Level 1:colcon.colcon_core.package_discovery:discover_packages(path) using defaults
[0.088s] Level 1:colcon.colcon_core.package_discovery:discover_packages(prefix_path) check parameters
[0.089s] Level 1:colcon.colcon_core.package_discovery:discover_packages(prefix_path) discover
[0.090s] WARNING:colcon.colcon_ros.prefix_path.catkin:The path '/usr/lib/cmake/libfreenect' in the environment variable CMAKE_PREFIX_PATH doesn't exist
[0.090s] DEBUG:colcon.colcon_installed_package_information.package_discovery:Found 34 installed packages in /home/ubuntu/interbotix_ws/install
[0.091s] DEBUG:colcon.colcon_installed_package_information.package_discovery:Found 1 installed packages in /home/ubuntu/apriltag_ws/install
[0.091s] DEBUG:colcon.colcon_installed_package_information.package_discovery:Found 354 installed packages in /opt/ros/humble
[0.092s] Level 1:colcon.colcon_core.package_discovery:discover_packages(prefix_path) using defaults
[0.115s] Level 5:colcon.colcon_core.verb:set package 'kinect_ros2' build argument 'cmake_args' from command line to 'None'
[0.115s] Level 5:colcon.colcon_core.verb:set package 'kinect_ros2' build argument 'cmake_target' from command line to 'None'
[0.115s] Level 5:colcon.colcon_core.verb:set package 'kinect_ros2' build argument 'cmake_target_skip_unavailable' from command line to 'False'
[0.115s] Level 5:colcon.colcon_core.verb:set package 'kinect_ros2' build argument 'cmake_clean_cache' from command line to 'False'
[0.115s] Level 5:colcon.colcon_core.verb:set package 'kinect_ros2' build argument 'cmake_clean_first' from command line to 'False'
[0.115s] Level 5:colcon.colcon_core.verb:set package 'kinect_ros2' build argument 'cmake_force_configure' from command line to 'False'
[0.115s] Level 5:colcon.colcon_core.verb:set package 'kinect_ros2' build argument 'ament_cmake_args' from command line to 'None'
[0.115s] Level 5:colcon.colcon_core.verb:set package 'kinect_ros2' build argument 'catkin_cmake_args' from command line to 'None'
[0.115s] Level 5:colcon.colcon_core.verb:set package 'kinect_ros2' build argument 'catkin_skip_building_tests' from command line to 'False'
[0.115s] DEBUG:colcon.colcon_core.verb:Building package 'kinect_ros2' with the following arguments: {'ament_cmake_args': None, 'build_base': '/home/ubuntu/Desktop/kinect_ros2/build/kinect_ros2', 'catkin_cmake_args': None, 'catkin_skip_building_tests': False, 'cmake_args': None, 'cmake_clean_cache': False, 'cmake_clean_first': False, 'cmake_force_configure': False, 'cmake_target': None, 'cmake_target_skip_unavailable': False, 'install_base': '/home/ubuntu/Desktop/kinect_ros2/install/kinect_ros2', 'merge_install': False, 'path': '/home/ubuntu/Desktop/kinect_ros2', 'symlink_install': False, 'test_result_base': None}
[0.115s] INFO:colcon.colcon_core.executor:Executing jobs using 'parallel' executor
[0.116s] DEBUG:colcon.colcon_parallel_executor.executor.parallel:run_until_complete
[0.116s] INFO:colcon.colcon_ros.task.ament_cmake.build:Building ROS package in '/home/ubuntu/Desktop/kinect_ros2' with build type 'ament_cmake'
[0.116s] INFO:colcon.colcon_cmake.task.cmake.build:Building CMake package in '/home/ubuntu/Desktop/kinect_ros2'
[0.117s] INFO:colcon.colcon_core.plugin_system:Skipping extension 'colcon_core.shell.bat': Not used on non-Windows systems
[0.117s] INFO:colcon.colcon_core.shell:Skip shell extension 'powershell' for command environment: Not usable outside of PowerShell
[0.117s] DEBUG:colcon.colcon_core.shell:Skip shell extension 'dsv' for command environment
[0.125s] DEBUG:colcon.colcon_core.event_handler.log_command:Invoking command in '/home/ubuntu/Desktop/kinect_ros2/build/kinect_ros2': CMAKE_PREFIX_PATH=${CMAKE_PREFIX_PATH}:/home/ubuntu/interbotix_ws/install/interbotix_xs_modules:/home/ubuntu/interbotix_ws/install/interbotix_perception_modules:/home/ubuntu/interbotix_ws/install/interbotix_common_modules:/opt/ros/humble /usr/bin/cmake /home/ubuntu/Desktop/kinect_ros2 -DCMAKE_INSTALL_PREFIX=/home/ubuntu/Desktop/kinect_ros2/install/kinect_ros2
[0.397s] DEBUG:colcon.colcon_core.event_handler.log_command:Invoked command in '/home/ubuntu/Desktop/kinect_ros2/build/kinect_ros2' returned '1': CMAKE_PREFIX_PATH=${CMAKE_PREFIX_PATH}:/home/ubuntu/interbotix_ws/install/interbotix_xs_modules:/home/ubuntu/interbotix_ws/install/interbotix_perception_modules:/home/ubuntu/interbotix_ws/install/interbotix_common_modules:/opt/ros/humble /usr/bin/cmake /home/ubuntu/Desktop/kinect_ros2 -DCMAKE_INSTALL_PREFIX=/home/ubuntu/Desktop/kinect_ros2/install/kinect_ros2
[0.402s] Level 1:colcon.colcon_core.environment:create_environment_scripts_only(kinect_ros2)
[0.403s] Level 1:colcon.colcon_core.environment:checking '/home/ubuntu/Desktop/kinect_ros2/install/kinect_ros2' for CMake module files
[0.403s] Level 1:colcon.colcon_core.environment:checking '/home/ubuntu/Desktop/kinect_ros2/install/kinect_ros2' for CMake config files
[0.403s] Level 1:colcon.colcon_core.environment:checking '/home/ubuntu/Desktop/kinect_ros2/install/kinect_ros2/bin'
[0.403s] Level 1:colcon.colcon_core.environment:checking '/home/ubuntu/Desktop/kinect_ros2/install/kinect_ros2/lib/pkgconfig/kinect_ros2.pc'
[0.403s] Level 1:colcon.colcon_core.environment:checking '/home/ubuntu/Desktop/kinect_ros2/install/kinect_ros2/lib/python3.10/site-packages'
[0.403s] Level 1:colcon.colcon_core.environment:checking '/home/ubuntu/Desktop/kinect_ros2/install/kinect_ros2/bin'
[0.403s] INFO:colcon.colcon_core.shell:Creating package script '/home/ubuntu/Desktop/kinect_ros2/install/kinect_ros2/share/kinect_ros2/package.ps1'
[0.404s] INFO:colcon.colcon_core.shell:Creating package descriptor '/home/ubuntu/Desktop/kinect_ros2/install/kinect_ros2/share/kinect_ros2/package.dsv'
[0.404s] INFO:colcon.colcon_core.shell:Creating package script '/home/ubuntu/Desktop/kinect_ros2/install/kinect_ros2/share/kinect_ros2/package.sh'
[0.404s] INFO:colcon.colcon_core.shell:Creating package script '/home/ubuntu/Desktop/kinect_ros2/install/kinect_ros2/share/kinect_ros2/package.bash'
[0.404s] INFO:colcon.colcon_core.shell:Creating package script '/home/ubuntu/Desktop/kinect_ros2/install/kinect_ros2/share/kinect_ros2/package.zsh'
[0.405s] Level 1:colcon.colcon_core.environment:create_file_with_runtime_dependencies(/home/ubuntu/Desktop/kinect_ros2/install/kinect_ros2/share/colcon-core/packages/kinect_ros2)
[0.416s] DEBUG:colcon.colcon_parallel_executor.executor.parallel:closing loop
[0.416s] DEBUG:colcon.colcon_parallel_executor.executor.parallel:loop closed
[0.416s] DEBUG:colcon.colcon_parallel_executor.executor.parallel:run_until_complete finished with '1'
[0.416s] DEBUG:colcon.colcon_core.event_reactor:joining thread
[0.419s] INFO:colcon.colcon_core.plugin_system:Skipping extension 'colcon_notification.desktop_notification.terminal_notifier': Not used on non-Darwin systems
[0.419s] INFO:colcon.colcon_core.plugin_system:Skipping extension 'colcon_notification.desktop_notification.win32': Not used on non-Windows systems
[0.419s] INFO:colcon.colcon_notification.desktop_notification:Sending desktop notification using 'notify2'
[0.428s] DEBUG:colcon.colcon_core.event_reactor:joined thread
[0.428s] INFO:colcon.colcon_core.shell:Creating prefix script '/home/ubuntu/Desktop/kinect_ros2/install/local_setup.ps1'
[0.429s] INFO:colcon.colcon_core.shell:Creating prefix util module '/home/ubuntu/Desktop/kinect_ros2/install/_local_setup_util_ps1.py'
[0.429s] INFO:colcon.colcon_core.shell:Creating prefix chain script '/home/ubuntu/Desktop/kinect_ros2/install/setup.ps1'
[0.430s] INFO:colcon.colcon_core.shell:Creating prefix script '/home/ubuntu/Desktop/kinect_ros2/install/local_setup.sh'
[0.431s] INFO:colcon.colcon_core.shell:Creating prefix util module '/home/ubuntu/Desktop/kinect_ros2/install/_local_setup_util_sh.py'
[0.431s] INFO:colcon.colcon_core.shell:Creating prefix chain script '/home/ubuntu/Desktop/kinect_ros2/install/setup.sh'
[0.433s] INFO:colcon.colcon_core.shell:Creating prefix script '/home/ubuntu/Desktop/kinect_ros2/install/local_setup.bash'
[0.433s] INFO:colcon.colcon_core.shell:Creating prefix chain script '/home/ubuntu/Desktop/kinect_ros2/install/setup.bash'
[0.434s] INFO:colcon.colcon_core.shell:Creating prefix script '/home/ubuntu/Desktop/kinect_ros2/install/local_setup.zsh'
[0.435s] INFO:colcon.colcon_core.shell:Creating prefix chain script '/home/ubuntu/Desktop/kinect_ros2/install/setup.zsh'
